-------------------------------------------------------------------------------
Test set: com.vytrack.runners.CukesRunner
-------------------------------------------------------------------------------
Tests run: 1, Failures: 0, Errors: 1, Skipped: 0, Time elapsed: 0.147 s <<< FAILURE! - in com.vytrack.runners.CukesRunner
initializationError(com.vytrack.runners.CukesRunner)  Time elapsed: 0.006 s  <<< ERROR!
io.cucumber.core.exception.CucumberException: Couldn't load plugin class: return
Caused by: java.lang.ClassNotFoundException: return

